<?xml version="1.0" encoding="UTF-8"?>
<!-- Generated by org.testng.reporters.JUnitXMLReporter -->
<testsuite hostname="NDI-LAP-563" name="Gmail validation Testing" tests="3" failures="0" timestamp="12 Mar 2020 13:32:08 GMT" time="56.183" errors="0">
  <testcase name="dashboardTitleTest" time="7.509" classname="testcases.DashboardTest"/>
  <testcase name="loginPageTitleTest" time="0.029" classname="testcases.LoginPageTest"/>
  <testcase name="loginTest" time="2.149" classname="testcases.LoginPageTest"/>
</testsuite> <!-- Gmail validation Testing -->
