<?xml version="1.0" encoding="UTF-8"?>
<testng-results skipped="0" failed="0" total="1" passed="1">
  <reporter-output>
  </reporter-output>
  <suite name="Default suite" duration-ms="18445" started-at="2020-03-12T13:51:19Z" finished-at="2020-03-12T13:51:38Z">
    <groups>
    </groups>
    <test name="Default test" duration-ms="18445" started-at="2020-03-12T13:51:19Z" finished-at="2020-03-12T13:51:38Z">
      <class name="testcases.LoginPageTest">
        <test-method status="PASS" signature="setUp()[pri:0, instance:testcases.LoginPageTest@5e5792a0]" name="setUp" is-config="true" duration-ms="15233" started-at="2020-03-12T19:21:20Z" finished-at="2020-03-12T19:21:35Z">
          <reporter-output>
          </reporter-output>
        </test-method> <!-- setUp -->
        <test-method status="PASS" signature="loginTest()[pri:0, instance:testcases.LoginPageTest@5e5792a0]" name="loginTest" duration-ms="2482" started-at="2020-03-12T19:21:35Z" finished-at="2020-03-12T19:21:37Z">
          <reporter-output>
          </reporter-output>
        </test-method> <!-- loginTest -->
        <test-method status="PASS" signature="quit()[pri:0, instance:testcases.LoginPageTest@5e5792a0]" name="quit" is-config="true" duration-ms="712" started-at="2020-03-12T19:21:37Z" finished-at="2020-03-12T19:21:38Z">
          <reporter-output>
          </reporter-output>
        </test-method> <!-- quit -->
      </class> <!-- testcases.LoginPageTest -->
    </test> <!-- Default test -->
  </suite> <!-- Default suite -->
</testng-results>
